<?xml version="1.0" encoding="UTF-8"?>
<testng-results ignored="0" total="0" passed="0" failed="0" skipped="0">
  <reporter-output>
  </reporter-output>
  <suite started-at="2024-11-06T12:05:26 IST" name="cucumber parallel suite" finished-at="2024-11-06T12:05:26 IST" duration-ms="9">
    <groups>
    </groups>
    <test started-at="2024-11-06T12:05:26 IST" name="parallel test" finished-at="2024-11-06T12:05:26 IST" duration-ms="9">
    </test> <!-- parallel test -->
  </suite> <!-- cucumber parallel suite -->
</testng-results>
